2026-03-25 09:58:25,520 [INFO] CS2 worker started
2026-03-25 09:58:25,529 [INFO] Processing: MAC-10 | Storm Camo (Field-Tested)
2026-03-25 09:58:26,033 [INFO] Finish fetching MAC-10 | Storm Camo (Field-Tested) from STEAM
2026-03-25 09:58:28,915 [INFO] Finish fetching MAC-10 | Storm Camo (Field-Tested) from BUFF
2026-03-25 09:58:30,825 [INFO] ack-ing message from queue
2026-03-25 09:58:30,826 [INFO] Processing: Revolution Case
2026-03-25 09:58:31,296 [INFO] Finish fetching Revolution Case from STEAM
2026-03-25 09:58:35,126 [INFO] Finish fetching Revolution Case from BUFF
2026-03-25 09:58:38,108 [INFO] ack-ing message from queue
2026-03-25 09:58:38,109 [INFO] Processing: FAMAS | Palm (Minimal Wear)
2026-03-25 09:58:38,589 [INFO] Finish fetching FAMAS | Palm (Minimal Wear) from STEAM
2026-03-25 09:58:40,740 [INFO] Finish fetching FAMAS | Palm (Minimal Wear) from BUFF
2026-03-25 09:58:42,542 [INFO] ack-ing message from queue
2026-03-25 09:58:42,542 [INFO] Processing: Dreams & Nightmares Case
2026-03-25 09:58:42,994 [INFO] Finish fetching Dreams & Nightmares Case from STEAM
2026-03-25 09:58:46,046 [INFO] Finish fetching Dreams & Nightmares Case from BUFF
2026-03-25 09:58:48,194 [INFO] ack-ing message from queue
2026-03-25 09:58:48,195 [INFO] Processing: P250 | Sleet (Battle-Scarred)
2026-03-25 09:58:48,685 [INFO] Finish fetching P250 | Sleet (Battle-Scarred) from STEAM
2026-03-25 09:58:50,601 [INFO] Finish fetching P250 | Sleet (Battle-Scarred) from BUFF
2026-03-25 09:58:52,983 [INFO] ack-ing message from queue
2026-03-25 09:58:52,984 [INFO] Processing: Revolution Case
2026-03-25 09:58:53,439 [INFO] Finish fetching Revolution Case from STEAM
2026-03-25 09:58:55,437 [INFO] Finish fetching Revolution Case from BUFF
2026-03-25 09:58:56,617 [INFO] ack-ing message from queue
2026-03-25 09:58:56,618 [INFO] Processing: Nova | Currents (Factory New)
2026-03-25 09:58:57,053 [INFO] Finish fetching Nova | Currents (Factory New) from STEAM
2026-03-25 09:58:59,076 [INFO] Finish fetching Nova | Currents (Factory New) from BUFF
2026-03-25 09:59:01,990 [INFO] ack-ing message from queue
2026-03-25 09:59:01,991 [INFO] Processing: Tec-9 | Raw Ceramic (Minimal Wear)
2026-03-25 09:59:02,454 [INFO] Finish fetching Tec-9 | Raw Ceramic (Minimal Wear) from STEAM
2026-03-25 09:59:05,216 [INFO] Finish fetching Tec-9 | Raw Ceramic (Minimal Wear) from BUFF
2026-03-25 09:59:06,962 [INFO] ack-ing message from queue
2026-03-25 09:59:06,963 [INFO] Processing: Revolution Case
2026-03-25 09:59:07,414 [INFO] Finish fetching Revolution Case from STEAM
2026-03-25 09:59:10,547 [INFO] Finish fetching Revolution Case from BUFF
2026-03-25 09:59:12,663 [INFO] ack-ing message from queue
2026-03-25 09:59:12,664 [INFO] Processing: P250 | Plum Netting (Field-Tested)
2026-03-25 09:59:13,143 [INFO] Finish fetching P250 | Plum Netting (Field-Tested) from STEAM
2026-03-25 09:59:15,989 [INFO] Finish fetching P250 | Plum Netting (Field-Tested) from BUFF
2026-03-25 09:59:18,672 [INFO] ack-ing message from queue
2026-03-25 09:59:18,673 [INFO] Processing: Dreams & Nightmares Case
2026-03-25 09:59:22,137 [INFO] Finish fetching Dreams & Nightmares Case from STEAM
2026-03-25 09:59:25,197 [INFO] Finish fetching Dreams & Nightmares Case from BUFF
2026-03-25 09:59:27,353 [INFO] ack-ing message from queue
2026-03-25 09:59:27,354 [INFO] Processing: G3SG1 | Green Cell (Minimal Wear)
2026-03-25 09:59:27,820 [INFO] Finish fetching G3SG1 | Green Cell (Minimal Wear) from STEAM
2026-03-25 09:59:29,578 [INFO] Finish fetching G3SG1 | Green Cell (Minimal Wear) from BUFF
2026-03-25 09:59:32,437 [INFO] ack-ing message from queue
2026-03-25 09:59:32,438 [INFO] Processing: Revolution Case
2026-03-25 09:59:32,953 [INFO] Finish fetching Revolution Case from STEAM
2026-03-25 09:59:35,611 [INFO] Finish fetching Revolution Case from BUFF
2026-03-25 09:59:37,074 [INFO] ack-ing message from queue
2026-03-25 09:59:37,075 [INFO] Processing: Nova | Turquoise Pour (Field-Tested)
2026-03-25 09:59:37,533 [INFO] Finish fetching Nova | Turquoise Pour (Field-Tested) from STEAM
2026-03-25 09:59:39,539 [INFO] Finish fetching Nova | Turquoise Pour (Field-Tested) from BUFF
2026-03-25 09:59:40,679 [INFO] ack-ing message from queue
2026-03-25 09:59:40,680 [INFO] Processing: Recoil Case
2026-03-25 09:59:41,102 [INFO] Finish fetching Recoil Case from STEAM
2026-03-25 09:59:43,381 [INFO] Finish fetching Recoil Case from BUFF
2026-03-25 09:59:45,041 [INFO] ack-ing message from queue
2026-03-25 09:59:45,042 [INFO] Processing: Revolution Case
2026-03-25 09:59:45,501 [INFO] Finish fetching Revolution Case from STEAM
2026-03-25 09:59:47,440 [INFO] Finish fetching Revolution Case from BUFF
2026-03-25 09:59:49,037 [INFO] ack-ing message from queue
2026-03-25 09:59:49,037 [INFO] Processing: Dreams & Nightmares Case
2026-03-25 09:59:49,443 [INFO] Finish fetching Dreams & Nightmares Case from STEAM
2026-03-25 09:59:53,231 [INFO] Finish fetching Dreams & Nightmares Case from BUFF
2026-03-25 09:59:54,692 [INFO] ack-ing message from queue
2026-03-25 09:59:54,692 [INFO] Processing: Galil AR | Robin's Egg (Field-Tested)
2026-03-25 09:59:55,158 [INFO] Finish fetching Galil AR | Robin's Egg (Field-Tested) from STEAM
2026-03-25 09:59:58,508 [INFO] Finish fetching Galil AR | Robin's Egg (Field-Tested) from BUFF
2026-03-25 10:00:00,469 [INFO] ack-ing message from queue
2026-03-25 10:00:00,470 [INFO] Processing: Recoil Case
2026-03-25 10:00:00,954 [INFO] Finish fetching Recoil Case from STEAM
2026-03-25 10:00:03,318 [INFO] Finish fetching Recoil Case from BUFF
2026-03-25 10:00:04,972 [INFO] ack-ing message from queue
2026-03-25 10:00:04,973 [INFO] Processing: P2000 | Marsh (Factory New)
2026-03-25 10:00:05,389 [INFO] Finish fetching P2000 | Marsh (Factory New) from STEAM
2026-03-25 10:00:07,194 [INFO] Finish fetching P2000 | Marsh (Factory New) from BUFF
2026-03-25 10:00:09,054 [INFO] ack-ing message from queue
2026-03-25 10:00:09,054 [INFO] Processing: Recoil Case
2026-03-25 10:00:09,552 [INFO] Finish fetching Recoil Case from STEAM
2026-03-25 10:00:13,284 [INFO] Finish fetching Recoil Case from BUFF
2026-03-25 10:00:16,171 [INFO] ack-ing message from queue
2026-03-25 10:00:16,172 [INFO] Processing: Recoil Case
2026-03-25 10:00:16,648 [INFO] Finish fetching Recoil Case from STEAM
2026-03-25 10:00:19,223 [INFO] Finish fetching Recoil Case from BUFF
2026-03-25 10:00:20,765 [INFO] ack-ing message from queue
2026-03-25 10:00:20,766 [INFO] Processing: G3SG1 | VariCamo (Field-Tested)
2026-03-25 10:00:21,239 [INFO] Finish fetching G3SG1 | VariCamo (Field-Tested) from STEAM
2026-03-25 10:00:28,038 [INFO] Finish fetching G3SG1 | VariCamo (Field-Tested) from BUFF
2026-03-25 10:00:29,288 [INFO] ack-ing message from queue
2026-03-25 10:00:29,289 [INFO] Processing: Recoil Case
2026-03-25 10:00:29,743 [INFO] Finish fetching Recoil Case from STEAM
2026-03-25 10:00:31,552 [INFO] Finish fetching Recoil Case from BUFF
2026-03-25 10:00:32,586 [INFO] ack-ing message from queue
2026-03-25 10:00:32,587 [INFO] Processing: Revolution Case
2026-03-25 10:00:33,017 [INFO] Finish fetching Revolution Case from STEAM
2026-03-25 10:00:35,647 [INFO] Finish fetching Revolution Case from BUFF
2026-03-25 10:00:38,588 [INFO] ack-ing message from queue
2026-03-25 10:00:38,589 [INFO] Processing: Dreams & Nightmares Case
2026-03-25 10:00:39,035 [INFO] Finish fetching Dreams & Nightmares Case from STEAM
2026-03-25 10:00:40,937 [INFO] Finish fetching Dreams & Nightmares Case from BUFF
2026-03-25 10:00:42,811 [INFO] ack-ing message from queue
2026-03-25 10:00:42,812 [INFO] Processing: StatTrak™ MAG-7 | Insomnia (Battle-Scarred)
2026-03-25 10:00:43,240 [INFO] Finish fetching StatTrak™ MAG-7 | Insomnia (Battle-Scarred) from STEAM
2026-03-25 10:00:46,026 [INFO] Finish fetching StatTrak™ MAG-7 | Insomnia (Battle-Scarred) from BUFF
2026-03-25 10:00:48,130 [INFO] ack-ing message from queue
2026-03-25 10:00:48,131 [INFO] Processing: Sticker | Aleksib (Gold) | Copenhagen 2024
2026-03-25 10:00:48,625 [INFO] Finish fetching Sticker | Aleksib (Gold) | Copenhagen 2024 from STEAM
2026-03-25 10:00:52,037 [INFO] Finish fetching Sticker | Aleksib (Gold) | Copenhagen 2024 from BUFF
2026-03-25 10:00:53,434 [INFO] ack-ing message from queue
2026-03-25 10:00:53,434 [INFO] Processing: StatTrak™ M4A4 | Choppa (Field-Tested)
2026-03-25 10:00:53,884 [INFO] Finish fetching StatTrak™ M4A4 | Choppa (Field-Tested) from STEAM
2026-03-25 10:00:56,879 [INFO] Finish fetching StatTrak™ M4A4 | Choppa (Field-Tested) from BUFF
2026-03-25 10:00:58,100 [INFO] ack-ing message from queue
2026-03-25 10:00:58,100 [INFO] Processing: FAMAS | Meow 36 (Minimal Wear)
2026-03-25 10:00:58,548 [INFO] Finish fetching FAMAS | Meow 36 (Minimal Wear) from STEAM
2026-03-25 10:01:00,092 [INFO] Finish fetching FAMAS | Meow 36 (Minimal Wear) from BUFF
2026-03-25 10:01:01,873 [INFO] ack-ing message from queue
2026-03-25 10:01:01,874 [INFO] Processing: Glock-18 | Block-18 (Field-Tested)
2026-03-25 10:01:02,320 [INFO] Finish fetching Glock-18 | Block-18 (Field-Tested) from STEAM
2026-03-25 10:01:05,700 [INFO] Finish fetching Glock-18 | Block-18 (Field-Tested) from BUFF
2026-03-25 10:01:07,324 [INFO] ack-ing message from queue
2026-03-25 10:01:07,325 [INFO] Processing: ★ Kukri Knife | Night Stripe (Field-Tested)
2026-03-25 10:01:07,798 [INFO] Finish fetching ★ Kukri Knife | Night Stripe (Field-Tested) from STEAM
2026-03-25 10:01:10,707 [INFO] Finish fetching ★ Kukri Knife | Night Stripe (Field-Tested) from BUFF
2026-03-25 10:01:12,481 [INFO] ack-ing message from queue
2026-03-25 10:01:12,482 [INFO] Processing: Revolution Case
2026-03-25 10:01:12,957 [INFO] Finish fetching Revolution Case from STEAM
2026-03-25 10:01:16,391 [INFO] Finish fetching Revolution Case from BUFF
2026-03-25 10:01:18,562 [INFO] ack-ing message from queue
2026-03-25 10:01:18,562 [INFO] Processing: Sticker | Nemiga (Foil) | Austin 2025
2026-03-25 10:01:19,072 [INFO] Finish fetching Sticker | Nemiga (Foil) | Austin 2025 from STEAM
2026-03-25 10:01:22,663 [INFO] Finish fetching Sticker | Nemiga (Foil) | Austin 2025 from BUFF
2026-03-25 10:01:25,076 [INFO] ack-ing message from queue
2026-03-25 10:01:25,076 [INFO] Processing: Sticker | broky (Foil) | Austin 2025
2026-03-25 10:01:25,538 [INFO] Finish fetching Sticker | broky (Foil) | Austin 2025 from STEAM
2026-03-25 10:01:27,991 [INFO] Finish fetching Sticker | broky (Foil) | Austin 2025 from BUFF
2026-03-25 10:01:29,502 [INFO] ack-ing message from queue
2026-03-25 10:01:29,502 [INFO] Processing: Sticker | m0NESY (Foil) | Austin 2025
2026-03-25 10:01:29,970 [INFO] Finish fetching Sticker | m0NESY (Foil) | Austin 2025 from STEAM
2026-03-25 10:01:34,936 [INFO] Finish fetching Sticker | m0NESY (Foil) | Austin 2025 from BUFF
2026-03-25 10:01:36,959 [INFO] ack-ing message from queue
2026-03-25 10:01:36,960 [INFO] Processing: Sticker | Heavygod (Gold) | Austin 2025
2026-03-25 10:01:37,411 [INFO] Finish fetching Sticker | Heavygod (Gold) | Austin 2025 from STEAM
2026-03-25 10:01:39,232 [INFO] Finish fetching Sticker | Heavygod (Gold) | Austin 2025 from BUFF
2026-03-25 10:01:40,334 [INFO] ack-ing message from queue
2026-03-25 10:01:40,335 [INFO] Processing: Sticker | m0NESY | Austin 2025
2026-03-25 10:01:40,788 [INFO] Finish fetching Sticker | m0NESY | Austin 2025 from STEAM
2026-03-25 10:01:42,824 [INFO] Finish fetching Sticker | m0NESY | Austin 2025 from BUFF
2026-03-25 10:01:44,204 [INFO] ack-ing message from queue
2026-03-25 10:01:44,205 [INFO] Processing: Sticker | broky (Foil) | Austin 2025
2026-03-25 10:01:44,705 [INFO] Finish fetching Sticker | broky (Foil) | Austin 2025 from STEAM
2026-03-25 10:01:47,141 [INFO] Finish fetching Sticker | broky (Foil) | Austin 2025 from BUFF
2026-03-25 10:01:50,038 [INFO] ack-ing message from queue
2026-03-25 10:01:50,038 [INFO] Processing: Sticker | TYLOO | Austin 2025
2026-03-25 10:01:50,527 [INFO] Finish fetching Sticker | TYLOO | Austin 2025 from STEAM
2026-03-25 10:01:52,698 [INFO] Finish fetching Sticker | TYLOO | Austin 2025 from BUFF
2026-03-25 10:01:55,505 [INFO] ack-ing message from queue
2026-03-25 10:01:55,506 [INFO] Processing: Sticker | EliGE (Foil) | Austin 2025
2026-03-25 10:01:55,978 [INFO] Finish fetching Sticker | EliGE (Foil) | Austin 2025 from STEAM
2026-03-25 10:01:58,557 [INFO] Finish fetching Sticker | EliGE (Foil) | Austin 2025 from BUFF
2026-03-25 10:02:00,948 [INFO] ack-ing message from queue
2026-03-25 10:02:00,949 [INFO] Processing: Sticker | MOUZ (Glitter) | Shanghai 2024
2026-03-25 10:02:01,406 [INFO] Finish fetching Sticker | MOUZ (Glitter) | Shanghai 2024 from STEAM
2026-03-25 10:02:03,733 [INFO] Finish fetching Sticker | MOUZ (Glitter) | Shanghai 2024 from BUFF
2026-03-25 10:02:06,692 [INFO] ack-ing message from queue
2026-03-25 10:02:06,693 [INFO] Processing: Sticker | Wildcard (Foil) | Austin 2025
2026-03-25 10:02:07,183 [INFO] Finish fetching Sticker | Wildcard (Foil) | Austin 2025 from STEAM
2026-03-25 10:02:09,834 [INFO] Finish fetching Sticker | Wildcard (Foil) | Austin 2025 from BUFF
2026-03-25 10:02:12,817 [INFO] ack-ing message from queue
2026-03-25 10:02:12,818 [INFO] Processing: Sticker | magixx (Holo) | Austin 2025
2026-03-25 10:02:13,285 [INFO] Finish fetching Sticker | magixx (Holo) | Austin 2025 from STEAM
2026-03-25 10:02:16,797 [INFO] Finish fetching Sticker | magixx (Holo) | Austin 2025 from BUFF
2026-03-25 10:02:19,160 [INFO] ack-ing message from queue
2026-03-25 10:02:19,161 [INFO] Processing: Sticker | m0NESY | Austin 2025
2026-03-25 10:02:19,671 [INFO] Finish fetching Sticker | m0NESY | Austin 2025 from STEAM
2026-03-25 10:02:21,820 [INFO] Finish fetching Sticker | m0NESY | Austin 2025 from BUFF
2026-03-25 10:02:23,732 [INFO] ack-ing message from queue
2026-03-25 10:02:23,732 [INFO] Processing: Sticker | donk (Foil) | Austin 2025
2026-03-25 10:02:24,209 [INFO] Finish fetching Sticker | donk (Foil) | Austin 2025 from STEAM
2026-03-25 10:02:27,942 [INFO] Finish fetching Sticker | donk (Foil) | Austin 2025 from BUFF
2026-03-25 10:02:29,893 [INFO] ack-ing message from queue
2026-03-25 10:02:29,893 [INFO] Processing: Sticker | NiKo | Austin 2025
2026-03-25 10:02:30,357 [INFO] Finish fetching Sticker | NiKo | Austin 2025 from STEAM
2026-03-25 10:02:34,257 [INFO] Finish fetching Sticker | NiKo | Austin 2025 from BUFF
2026-03-25 10:02:36,873 [INFO] ack-ing message from queue
2026-03-25 10:02:36,874 [INFO] Processing: Sticker | electronic (Holo) | Paris 2023
2026-03-25 10:02:37,349 [INFO] Finish fetching Sticker | electronic (Holo) | Paris 2023 from STEAM
2026-03-25 10:02:40,785 [INFO] Finish fetching Sticker | electronic (Holo) | Paris 2023 from BUFF
2026-03-25 10:02:42,131 [INFO] ack-ing message from queue
2026-03-25 10:02:42,132 [INFO] Processing: Fracture Case
2026-03-25 10:02:42,604 [INFO] Finish fetching Fracture Case from STEAM
2026-03-25 10:02:45,756 [INFO] Finish fetching Fracture Case from BUFF
2026-03-25 10:02:48,262 [INFO] ack-ing message from queue
2026-03-25 10:02:48,263 [INFO] Processing: Sticker | NiKo | Austin 2025
2026-03-25 10:02:48,749 [INFO] Finish fetching Sticker | NiKo | Austin 2025 from STEAM
2026-03-25 10:02:50,967 [INFO] Finish fetching Sticker | NiKo | Austin 2025 from BUFF
2026-03-25 10:02:52,558 [INFO] ack-ing message from queue
2026-03-25 10:02:52,559 [INFO] Processing: Fracture Case
2026-03-25 10:02:52,998 [INFO] Finish fetching Fracture Case from STEAM
2026-03-25 10:02:54,703 [INFO] Finish fetching Fracture Case from BUFF
2026-03-25 10:02:55,898 [INFO] ack-ing message from queue
2026-03-25 10:02:55,899 [INFO] Processing: Fracture Case
2026-03-25 10:02:56,297 [INFO] Finish fetching Fracture Case from STEAM
2026-03-25 10:02:58,872 [INFO] Finish fetching Fracture Case from BUFF
2026-03-25 10:03:01,466 [INFO] ack-ing message from queue
2026-03-25 10:03:01,466 [INFO] Processing: Fracture Case
2026-03-25 10:03:01,903 [INFO] Finish fetching Fracture Case from STEAM
2026-03-25 10:03:05,391 [INFO] Finish fetching Fracture Case from BUFF
2026-03-25 10:03:07,722 [INFO] ack-ing message from queue
2026-03-25 10:03:07,723 [INFO] Processing: Fracture Case
2026-03-25 10:03:08,157 [INFO] Finish fetching Fracture Case from STEAM
2026-03-25 10:03:11,191 [INFO] Finish fetching Fracture Case from BUFF
2026-03-25 10:03:13,910 [INFO] ack-ing message from queue
2026-03-25 10:03:13,911 [INFO] Processing: Fracture Case
2026-03-25 10:03:14,409 [INFO] Finish fetching Fracture Case from STEAM
2026-03-25 10:03:16,891 [INFO] Finish fetching Fracture Case from BUFF
2026-03-25 10:03:19,171 [INFO] ack-ing message from queue
2026-03-25 10:03:19,171 [INFO] Processing: AWP | PAW (Minimal Wear)
2026-03-25 10:03:19,628 [INFO] Finish fetching AWP | PAW (Minimal Wear) from STEAM
2026-03-25 10:03:22,900 [INFO] Finish fetching AWP | PAW (Minimal Wear) from BUFF
2026-03-25 10:03:24,610 [INFO] ack-ing message from queue
2026-03-25 10:03:24,610 [INFO] Processing: FAMAS | ZX Spectron (Field-Tested)
2026-03-25 10:03:25,094 [INFO] Finish fetching FAMAS | ZX Spectron (Field-Tested) from STEAM
2026-03-25 10:03:28,372 [INFO] Finish fetching FAMAS | ZX Spectron (Field-Tested) from BUFF
2026-03-25 10:03:30,462 [INFO] ack-ing message from queue
2026-03-25 10:03:30,462 [INFO] Processing: StatTrak™ MP9 | Bioleak (Field-Tested)
2026-03-25 10:03:30,936 [INFO] Finish fetching StatTrak™ MP9 | Bioleak (Field-Tested) from STEAM
2026-03-25 10:03:34,672 [INFO] Finish fetching StatTrak™ MP9 | Bioleak (Field-Tested) from BUFF
2026-03-25 10:03:36,463 [INFO] ack-ing message from queue
2026-03-25 10:03:36,464 [INFO] Processing: Galil AR | Chromatic Aberration (Field-Tested)
2026-03-25 10:03:36,934 [INFO] Finish fetching Galil AR | Chromatic Aberration (Field-Tested) from STEAM
2026-03-25 10:03:38,920 [INFO] Finish fetching Galil AR | Chromatic Aberration (Field-Tested) from BUFF
2026-03-25 10:03:41,014 [INFO] ack-ing message from queue
2026-03-25 10:03:41,015 [INFO] Processing: Five-SeveN | Boost Protocol (Minimal Wear)
2026-03-25 10:03:41,474 [INFO] Finish fetching Five-SeveN | Boost Protocol (Minimal Wear) from STEAM
2026-03-25 10:03:45,076 [INFO] Finish fetching Five-SeveN | Boost Protocol (Minimal Wear) from BUFF
2026-03-25 10:03:47,365 [INFO] ack-ing message from queue
2026-03-25 10:03:47,366 [INFO] Processing: StatTrak™ Glock-18 | Winterized (Minimal Wear)
2026-03-25 10:03:47,815 [INFO] Finish fetching StatTrak™ Glock-18 | Winterized (Minimal Wear) from STEAM
2026-03-25 10:03:50,741 [INFO] Finish fetching StatTrak™ Glock-18 | Winterized (Minimal Wear) from BUFF
2026-03-25 10:03:53,261 [INFO] ack-ing message from queue
2026-03-25 10:03:53,262 [INFO] Processing: P2000 | Gnarled (Factory New)
2026-03-25 10:03:54,756 [INFO] Finish fetching P2000 | Gnarled (Factory New) from STEAM
2026-03-25 10:03:57,149 [INFO] Finish fetching P2000 | Gnarled (Factory New) from BUFF
2026-03-25 10:04:00,021 [INFO] ack-ing message from queue
2026-03-25 10:04:00,021 [INFO] Processing: AK-47 | Point Disarray (Field-Tested)
2026-03-25 10:04:00,481 [INFO] Finish fetching AK-47 | Point Disarray (Field-Tested) from STEAM
2026-03-25 10:04:02,659 [INFO] Finish fetching AK-47 | Point Disarray (Field-Tested) from BUFF
2026-03-25 10:04:05,078 [INFO] ack-ing message from queue
2026-03-25 10:04:05,079 [INFO] Processing: USP-S | Cyrex (Minimal Wear)
2026-03-25 10:04:05,578 [INFO] Finish fetching USP-S | Cyrex (Minimal Wear) from STEAM
2026-03-25 10:04:07,786 [INFO] Finish fetching USP-S | Cyrex (Minimal Wear) from BUFF
2026-03-25 10:04:09,660 [INFO] ack-ing message from queue
2026-03-25 10:04:09,661 [INFO] Processing: M4A1-S | Leaded Glass (Field-Tested)
2026-03-25 10:04:10,437 [INFO] Finish fetching M4A1-S | Leaded Glass (Field-Tested) from STEAM
2026-03-25 10:04:12,572 [INFO] Finish fetching M4A1-S | Leaded Glass (Field-Tested) from BUFF
2026-03-25 10:04:15,166 [INFO] ack-ing message from queue
2026-03-25 10:04:15,166 [INFO] Processing: Music Kit | Neck Deep, The Lowlife Pack
2026-03-25 10:04:15,613 [INFO] Finish fetching Music Kit | Neck Deep, The Lowlife Pack from STEAM
2026-03-25 10:04:20,037 [INFO] Finish fetching Music Kit | Neck Deep, The Lowlife Pack from BUFF
2026-03-25 10:04:21,658 [INFO] ack-ing message from queue
2026-03-25 10:04:21,658 [INFO] Processing: MAC-10 | Disco Tech (Field-Tested)
2026-03-25 10:04:22,103 [INFO] Finish fetching MAC-10 | Disco Tech (Field-Tested) from STEAM
2026-03-25 10:04:27,539 [INFO] Finish fetching MAC-10 | Disco Tech (Field-Tested) from BUFF
2026-03-25 10:04:28,732 [INFO] ack-ing message from queue
